2018-05-22 17:05:54,654 | INFO  | Refreshing org.apache.activemq.xbean.XBeanBrokerFactory$1@3d24753a: startup date [Tue May 22 17:05:54 BRT 2018]; root of context hierarchy | org.apache.activemq.xbean.XBeanBrokerFactory$1 | main
2018-05-22 17:05:55,870 | INFO  | PListStore:[/Users/gordo/Desktop/StepsAlura/jms-activeMq/apache-activemq-5.12.0/data/localhost/tmp_storage] started | org.apache.activemq.store.kahadb.plist.PListStoreImpl | main
2018-05-22 17:05:55,899 | INFO  | Using Persistence Adapter: KahaDBPersistenceAdapter[/Users/gordo/Desktop/StepsAlura/jms-activeMq/apache-activemq-5.12.0/data/kahadb] | org.apache.activemq.broker.BrokerService | main
2018-05-22 17:05:56,141 | INFO  | Apache ActiveMQ 5.12.0 (localhost, ID:Air-de-Renan-52304-1527019556000-0:1) is starting | org.apache.activemq.broker.BrokerService | main
2018-05-22 17:05:56,168 | INFO  | Listening for connections at: tcp://Air-de-Renan:61616?maximumConnections=1000&wireFormat.maxFrameSize=104857600 | org.apache.activemq.transport.TransportServerThreadSupport | main
2018-05-22 17:05:56,170 | INFO  | Connector openwire started | org.apache.activemq.broker.TransportConnector | main
2018-05-22 17:05:56,180 | INFO  | Listening for connections at: amqp://Air-de-Renan:5672?maximumConnections=1000&wireFormat.maxFrameSize=104857600 | org.apache.activemq.transport.TransportServerThreadSupport | main
2018-05-22 17:05:56,183 | INFO  | Connector amqp started | org.apache.activemq.broker.TransportConnector | main
2018-05-22 17:05:56,188 | INFO  | Listening for connections at: stomp://Air-de-Renan:61613?maximumConnections=1000&wireFormat.maxFrameSize=104857600 | org.apache.activemq.transport.TransportServerThreadSupport | main
2018-05-22 17:05:56,191 | INFO  | Connector stomp started | org.apache.activemq.broker.TransportConnector | main
2018-05-22 17:05:56,197 | INFO  | Listening for connections at: mqtt://Air-de-Renan:1883?maximumConnections=1000&wireFormat.maxFrameSize=104857600 | org.apache.activemq.transport.TransportServerThreadSupport | main
2018-05-22 17:05:56,200 | INFO  | Connector mqtt started | org.apache.activemq.broker.TransportConnector | main
2018-05-22 17:05:57,696 | INFO  | Listening for connections at ws://Air-de-Renan:61614?maximumConnections=1000&wireFormat.maxFrameSize=104857600 | org.apache.activemq.transport.ws.WSTransportServer | main
2018-05-22 17:05:57,697 | INFO  | Connector ws started | org.apache.activemq.broker.TransportConnector | main
2018-05-22 17:05:57,699 | INFO  | Apache ActiveMQ 5.12.0 (localhost, ID:Air-de-Renan-52304-1527019556000-0:1) started | org.apache.activemq.broker.BrokerService | main
2018-05-22 17:05:57,700 | INFO  | For help or more information please see: http://activemq.apache.org | org.apache.activemq.broker.BrokerService | main
2018-05-22 17:05:58,313 | INFO  | ActiveMQ WebConsole available at http://0.0.0.0:8161/ | org.apache.activemq.web.WebConsoleStarter | main
2018-05-22 17:05:58,316 | INFO  | ActiveMQ Jolokia REST API available at http://0.0.0.0:8161/api/jolokia/ | org.apache.activemq.web.WebConsoleStarter | main
2018-05-22 17:05:58,401 | INFO  | Initializing Spring FrameworkServlet 'dispatcher' | /admin | main
2018-05-22 17:05:58,755 | INFO  | jolokia-agent: No access restrictor found at classpath:/jolokia-access.xml, access to all MBeans is allowed | /api | main
2018-05-22 17:05:58,920 | INFO  | jolokia-agent: Cannot join multicast group on NIF utun1: Can't assign requested address | /api | main
2018-05-22 17:05:58,923 | INFO  | jolokia-agent: Cannot join multicast group on NIF utun0: Can't assign requested address | /api | main
2018-05-22 17:05:58,927 | INFO  | jolokia-agent: Cannot join multicast group on NIF awdl0: Can't assign requested address | /api | main
2018-05-22 17:05:58,934 | INFO  | jolokia-agent: Cannot join multicast group on NIF utun1: Can't assign requested address | /api | main
2018-05-22 17:05:58,938 | INFO  | jolokia-agent: Cannot join multicast group on NIF utun0: Can't assign requested address | /api | main
2018-05-22 17:05:58,943 | INFO  | jolokia-agent: Cannot join multicast group on NIF awdl0: Can't assign requested address | /api | main
2018-05-22 17:10:05,474 | INFO  | Connector vm://localhost started | org.apache.activemq.broker.TransportConnector | qtp2067925017-41
2018-05-22 17:10:32,537 | WARN  |  | org.eclipse.jetty.servlet.ServletHandler | qtp2067925017-40
org.springframework.web.util.NestedServletException: Request processing failed; nested exception is java.lang.UnsupportedOperationException: Possible CSRF attack
	at org.springframework.web.servlet.FrameworkServlet.processRequest(FrameworkServlet.java:965)[spring-webmvc-3.2.11.RELEASE.jar:3.2.11.RELEASE]
	at org.springframework.web.servlet.FrameworkServlet.doPost(FrameworkServlet.java:855)[spring-webmvc-3.2.11.RELEASE.jar:3.2.11.RELEASE]
	at javax.servlet.http.HttpServlet.service(HttpServlet.java:595)[geronimo-servlet_3.0_spec-1.0.jar:1.0]
	at org.springframework.web.servlet.FrameworkServlet.service(FrameworkServlet.java:829)[spring-webmvc-3.2.11.RELEASE.jar:3.2.11.RELEASE]
	at javax.servlet.http.HttpServlet.service(HttpServlet.java:668)[geronimo-servlet_3.0_spec-1.0.jar:1.0]
	at org.eclipse.jetty.servlet.ServletHolder.handle(ServletHolder.java:684)[jetty-all-8.1.16.v20140903.jar:8.1.16.v20140903]
	at org.eclipse.jetty.servlet.ServletHandler$CachedChain.doFilter(ServletHandler.java:1496)[jetty-all-8.1.16.v20140903.jar:8.1.16.v20140903]
	at org.apache.activemq.web.AuditFilter.doFilter(AuditFilter.java:59)[activemq-web-5.12.0.jar:5.12.0]
	at org.eclipse.jetty.servlet.ServletHandler$CachedChain.doFilter(ServletHandler.java:1484)[jetty-all-8.1.16.v20140903.jar:8.1.16.v20140903]
	at org.springframework.web.filter.RequestContextFilter.doFilterInternal(RequestContextFilter.java:99)[spring-web-3.2.11.RELEASE.jar:3.2.11.RELEASE]
	at org.springframework.web.filter.OncePerRequestFilter.doFilter(OncePerRequestFilter.java:106)[spring-web-3.2.11.RELEASE.jar:3.2.11.RELEASE]
	at org.eclipse.jetty.servlet.ServletHandler$CachedChain.doFilter(ServletHandler.java:1484)[jetty-all-8.1.16.v20140903.jar:8.1.16.v20140903]
	at org.apache.activemq.web.filter.ApplicationContextFilter.doFilter(ApplicationContextFilter.java:102)[file:/Users/gordo/Desktop/StepsAlura/jms-activeMq/apache-activemq-5.12.0/webapps/admin/WEB-INF/classes/:]
	at org.eclipse.jetty.servlet.ServletHandler$CachedChain.doFilter(ServletHandler.java:1476)[jetty-all-8.1.16.v20140903.jar:8.1.16.v20140903]
	at org.eclipse.jetty.servlet.ServletHandler.doHandle(ServletHandler.java:501)[jetty-all-8.1.16.v20140903.jar:8.1.16.v20140903]
	at org.eclipse.jetty.server.handler.ScopedHandler.handle(ScopedHandler.java:137)[jetty-all-8.1.16.v20140903.jar:8.1.16.v20140903]
	at org.eclipse.jetty.security.SecurityHandler.handle(SecurityHandler.java:522)[jetty-all-8.1.16.v20140903.jar:8.1.16.v20140903]
	at org.eclipse.jetty.server.session.SessionHandler.doHandle(SessionHandler.java:231)[jetty-all-8.1.16.v20140903.jar:8.1.16.v20140903]
	at org.eclipse.jetty.server.handler.ContextHandler.doHandle(ContextHandler.java:1086)[jetty-all-8.1.16.v20140903.jar:8.1.16.v20140903]
	at org.eclipse.jetty.servlet.ServletHandler.doScope(ServletHandler.java:429)[jetty-all-8.1.16.v20140903.jar:8.1.16.v20140903]
	at org.eclipse.jetty.server.session.SessionHandler.doScope(SessionHandler.java:193)[jetty-all-8.1.16.v20140903.jar:8.1.16.v20140903]
	at org.eclipse.jetty.server.handler.ContextHandler.doScope(ContextHandler.java:1020)[jetty-all-8.1.16.v20140903.jar:8.1.16.v20140903]
	at org.eclipse.jetty.server.handler.ScopedHandler.handle(ScopedHandler.java:135)[jetty-all-8.1.16.v20140903.jar:8.1.16.v20140903]
	at org.eclipse.jetty.server.handler.HandlerCollection.handle(HandlerCollection.java:154)[jetty-all-8.1.16.v20140903.jar:8.1.16.v20140903]
	at org.eclipse.jetty.security.SecurityHandler.handle(SecurityHandler.java:522)[jetty-all-8.1.16.v20140903.jar:8.1.16.v20140903]
	at org.eclipse.jetty.server.handler.HandlerCollection.handle(HandlerCollection.java:154)[jetty-all-8.1.16.v20140903.jar:8.1.16.v20140903]
	at org.eclipse.jetty.server.handler.HandlerWrapper.handle(HandlerWrapper.java:116)[jetty-all-8.1.16.v20140903.jar:8.1.16.v20140903]
	at org.eclipse.jetty.server.Server.handle(Server.java:370)[jetty-all-8.1.16.v20140903.jar:8.1.16.v20140903]
	at org.eclipse.jetty.server.AbstractHttpConnection.handleRequest(AbstractHttpConnection.java:494)[jetty-all-8.1.16.v20140903.jar:8.1.16.v20140903]
	at org.eclipse.jetty.server.AbstractHttpConnection.content(AbstractHttpConnection.java:982)[jetty-all-8.1.16.v20140903.jar:8.1.16.v20140903]
	at org.eclipse.jetty.server.AbstractHttpConnection$RequestHandler.content(AbstractHttpConnection.java:1043)[jetty-all-8.1.16.v20140903.jar:8.1.16.v20140903]
	at org.eclipse.jetty.http.HttpParser.parseNext(HttpParser.java:865)[jetty-all-8.1.16.v20140903.jar:8.1.16.v20140903]
	at org.eclipse.jetty.http.HttpParser.parseAvailable(HttpParser.java:240)[jetty-all-8.1.16.v20140903.jar:8.1.16.v20140903]
	at org.eclipse.jetty.server.AsyncHttpConnection.handle(AsyncHttpConnection.java:82)[jetty-all-8.1.16.v20140903.jar:8.1.16.v20140903]
	at org.eclipse.jetty.io.nio.SelectChannelEndPoint.handle(SelectChannelEndPoint.java:696)[jetty-all-8.1.16.v20140903.jar:8.1.16.v20140903]
	at org.eclipse.jetty.io.nio.SelectChannelEndPoint$1.run(SelectChannelEndPoint.java:53)[jetty-all-8.1.16.v20140903.jar:8.1.16.v20140903]
	at org.eclipse.jetty.util.thread.QueuedThreadPool.runJob(QueuedThreadPool.java:608)[jetty-all-8.1.16.v20140903.jar:8.1.16.v20140903]
	at org.eclipse.jetty.util.thread.QueuedThreadPool$3.run(QueuedThreadPool.java:543)[jetty-all-8.1.16.v20140903.jar:8.1.16.v20140903]
	at java.lang.Thread.run(Thread.java:748)[:1.8.0_171]
2018-05-22 17:10:32,546 | WARN  | /admin/sendMessage.action | org.eclipse.jetty.servlet.ServletHandler | qtp2067925017-40
java.lang.UnsupportedOperationException: Possible CSRF attack
	at org.apache.activemq.web.handler.BindingBeanNameUrlHandlerMapping.getHandlerInternal(BindingBeanNameUrlHandlerMapping.java:59)[file:/Users/gordo/Desktop/StepsAlura/jms-activeMq/apache-activemq-5.12.0/webapps/admin/WEB-INF/classes/:]
	at org.springframework.web.servlet.handler.AbstractHandlerMapping.getHandler(AbstractHandlerMapping.java:297)[spring-webmvc-3.2.11.RELEASE.jar:3.2.11.RELEASE]
	at org.springframework.web.servlet.DispatcherServlet.getHandler(DispatcherServlet.java:1085)[spring-webmvc-3.2.11.RELEASE.jar:3.2.11.RELEASE]
	at org.springframework.web.servlet.DispatcherServlet.getHandler(DispatcherServlet.java:1070)[spring-webmvc-3.2.11.RELEASE.jar:3.2.11.RELEASE]
	at org.springframework.web.servlet.DispatcherServlet.doDispatch(DispatcherServlet.java:891)[spring-webmvc-3.2.11.RELEASE.jar:3.2.11.RELEASE]
	at org.springframework.web.servlet.DispatcherServlet.doService(DispatcherServlet.java:851)[spring-webmvc-3.2.11.RELEASE.jar:3.2.11.RELEASE]
	at org.springframework.web.servlet.FrameworkServlet.processRequest(FrameworkServlet.java:953)[spring-webmvc-3.2.11.RELEASE.jar:3.2.11.RELEASE]
	at org.springframework.web.servlet.FrameworkServlet.doPost(FrameworkServlet.java:855)[spring-webmvc-3.2.11.RELEASE.jar:3.2.11.RELEASE]
	at javax.servlet.http.HttpServlet.service(HttpServlet.java:595)[geronimo-servlet_3.0_spec-1.0.jar:1.0]
	at org.springframework.web.servlet.FrameworkServlet.service(FrameworkServlet.java:829)[spring-webmvc-3.2.11.RELEASE.jar:3.2.11.RELEASE]
	at javax.servlet.http.HttpServlet.service(HttpServlet.java:668)[geronimo-servlet_3.0_spec-1.0.jar:1.0]
	at org.eclipse.jetty.servlet.ServletHolder.handle(ServletHolder.java:684)[jetty-all-8.1.16.v20140903.jar:8.1.16.v20140903]
	at org.eclipse.jetty.servlet.ServletHandler$CachedChain.doFilter(ServletHandler.java:1496)[jetty-all-8.1.16.v20140903.jar:8.1.16.v20140903]
	at org.apache.activemq.web.AuditFilter.doFilter(AuditFilter.java:59)[activemq-web-5.12.0.jar:5.12.0]
	at org.eclipse.jetty.servlet.ServletHandler$CachedChain.doFilter(ServletHandler.java:1484)[jetty-all-8.1.16.v20140903.jar:8.1.16.v20140903]
	at org.springframework.web.filter.RequestContextFilter.doFilterInternal(RequestContextFilter.java:99)[spring-web-3.2.11.RELEASE.jar:3.2.11.RELEASE]
	at org.springframework.web.filter.OncePerRequestFilter.doFilter(OncePerRequestFilter.java:106)[spring-web-3.2.11.RELEASE.jar:3.2.11.RELEASE]
	at org.eclipse.jetty.servlet.ServletHandler$CachedChain.doFilter(ServletHandler.java:1484)[jetty-all-8.1.16.v20140903.jar:8.1.16.v20140903]
	at org.apache.activemq.web.filter.ApplicationContextFilter.doFilter(ApplicationContextFilter.java:102)[file:/Users/gordo/Desktop/StepsAlura/jms-activeMq/apache-activemq-5.12.0/webapps/admin/WEB-INF/classes/:]
	at org.eclipse.jetty.servlet.ServletHandler$CachedChain.doFilter(ServletHandler.java:1476)[jetty-all-8.1.16.v20140903.jar:8.1.16.v20140903]
	at org.eclipse.jetty.servlet.ServletHandler.doHandle(ServletHandler.java:501)[jetty-all-8.1.16.v20140903.jar:8.1.16.v20140903]
	at org.eclipse.jetty.server.handler.ScopedHandler.handle(ScopedHandler.java:137)[jetty-all-8.1.16.v20140903.jar:8.1.16.v20140903]
	at org.eclipse.jetty.security.SecurityHandler.handle(SecurityHandler.java:522)[jetty-all-8.1.16.v20140903.jar:8.1.16.v20140903]
	at org.eclipse.jetty.server.session.SessionHandler.doHandle(SessionHandler.java:231)[jetty-all-8.1.16.v20140903.jar:8.1.16.v20140903]
	at org.eclipse.jetty.server.handler.ContextHandler.doHandle(ContextHandler.java:1086)[jetty-all-8.1.16.v20140903.jar:8.1.16.v20140903]
	at org.eclipse.jetty.servlet.ServletHandler.doScope(ServletHandler.java:429)[jetty-all-8.1.16.v20140903.jar:8.1.16.v20140903]
	at org.eclipse.jetty.server.session.SessionHandler.doScope(SessionHandler.java:193)[jetty-all-8.1.16.v20140903.jar:8.1.16.v20140903]
	at org.eclipse.jetty.server.handler.ContextHandler.doScope(ContextHandler.java:1020)[jetty-all-8.1.16.v20140903.jar:8.1.16.v20140903]
	at org.eclipse.jetty.server.handler.ScopedHandler.handle(ScopedHandler.java:135)[jetty-all-8.1.16.v20140903.jar:8.1.16.v20140903]
	at org.eclipse.jetty.server.handler.HandlerCollection.handle(HandlerCollection.java:154)[jetty-all-8.1.16.v20140903.jar:8.1.16.v20140903]
	at org.eclipse.jetty.security.SecurityHandler.handle(SecurityHandler.java:522)[jetty-all-8.1.16.v20140903.jar:8.1.16.v20140903]
	at org.eclipse.jetty.server.handler.HandlerCollection.handle(HandlerCollection.java:154)[jetty-all-8.1.16.v20140903.jar:8.1.16.v20140903]
	at org.eclipse.jetty.server.handler.HandlerWrapper.handle(HandlerWrapper.java:116)[jetty-all-8.1.16.v20140903.jar:8.1.16.v20140903]
	at org.eclipse.jetty.server.Server.handle(Server.java:370)[jetty-all-8.1.16.v20140903.jar:8.1.16.v20140903]
	at org.eclipse.jetty.server.AbstractHttpConnection.handleRequest(AbstractHttpConnection.java:494)[jetty-all-8.1.16.v20140903.jar:8.1.16.v20140903]
	at org.eclipse.jetty.server.AbstractHttpConnection.content(AbstractHttpConnection.java:982)[jetty-all-8.1.16.v20140903.jar:8.1.16.v20140903]
	at org.eclipse.jetty.server.AbstractHttpConnection$RequestHandler.content(AbstractHttpConnection.java:1043)[jetty-all-8.1.16.v20140903.jar:8.1.16.v20140903]
	at org.eclipse.jetty.http.HttpParser.parseNext(HttpParser.java:865)[jetty-all-8.1.16.v20140903.jar:8.1.16.v20140903]
	at org.eclipse.jetty.http.HttpParser.parseAvailable(HttpParser.java:240)[jetty-all-8.1.16.v20140903.jar:8.1.16.v20140903]
	at org.eclipse.jetty.server.AsyncHttpConnection.handle(AsyncHttpConnection.java:82)[jetty-all-8.1.16.v20140903.jar:8.1.16.v20140903]
	at org.eclipse.jetty.io.nio.SelectChannelEndPoint.handle(SelectChannelEndPoint.java:696)[jetty-all-8.1.16.v20140903.jar:8.1.16.v20140903]
	at org.eclipse.jetty.io.nio.SelectChannelEndPoint$1.run(SelectChannelEndPoint.java:53)[jetty-all-8.1.16.v20140903.jar:8.1.16.v20140903]
	at org.eclipse.jetty.util.thread.QueuedThreadPool.runJob(QueuedThreadPool.java:608)[jetty-all-8.1.16.v20140903.jar:8.1.16.v20140903]
	at org.eclipse.jetty.util.thread.QueuedThreadPool$3.run(QueuedThreadPool.java:543)[jetty-all-8.1.16.v20140903.jar:8.1.16.v20140903]
	at java.lang.Thread.run(Thread.java:748)[:1.8.0_171]
2018-05-22 17:10:40,048 | WARN  |  | org.eclipse.jetty.servlet.ServletHandler | qtp2067925017-39
org.springframework.web.util.NestedServletException: Request processing failed; nested exception is java.lang.UnsupportedOperationException: Possible CSRF attack
	at org.springframework.web.servlet.FrameworkServlet.processRequest(FrameworkServlet.java:965)[spring-webmvc-3.2.11.RELEASE.jar:3.2.11.RELEASE]
	at org.springframework.web.servlet.FrameworkServlet.doPost(FrameworkServlet.java:855)[spring-webmvc-3.2.11.RELEASE.jar:3.2.11.RELEASE]
	at javax.servlet.http.HttpServlet.service(HttpServlet.java:595)[geronimo-servlet_3.0_spec-1.0.jar:1.0]
	at org.springframework.web.servlet.FrameworkServlet.service(FrameworkServlet.java:829)[spring-webmvc-3.2.11.RELEASE.jar:3.2.11.RELEASE]
	at javax.servlet.http.HttpServlet.service(HttpServlet.java:668)[geronimo-servlet_3.0_spec-1.0.jar:1.0]
	at org.eclipse.jetty.servlet.ServletHolder.handle(ServletHolder.java:684)[jetty-all-8.1.16.v20140903.jar:8.1.16.v20140903]
	at org.eclipse.jetty.servlet.ServletHandler$CachedChain.doFilter(ServletHandler.java:1496)[jetty-all-8.1.16.v20140903.jar:8.1.16.v20140903]
	at org.apache.activemq.web.AuditFilter.doFilter(AuditFilter.java:59)[activemq-web-5.12.0.jar:5.12.0]
	at org.eclipse.jetty.servlet.ServletHandler$CachedChain.doFilter(ServletHandler.java:1484)[jetty-all-8.1.16.v20140903.jar:8.1.16.v20140903]
	at org.springframework.web.filter.RequestContextFilter.doFilterInternal(RequestContextFilter.java:99)[spring-web-3.2.11.RELEASE.jar:3.2.11.RELEASE]
	at org.springframework.web.filter.OncePerRequestFilter.doFilter(OncePerRequestFilter.java:106)[spring-web-3.2.11.RELEASE.jar:3.2.11.RELEASE]
	at org.eclipse.jetty.servlet.ServletHandler$CachedChain.doFilter(ServletHandler.java:1484)[jetty-all-8.1.16.v20140903.jar:8.1.16.v20140903]
	at org.apache.activemq.web.filter.ApplicationContextFilter.doFilter(ApplicationContextFilter.java:102)[file:/Users/gordo/Desktop/StepsAlura/jms-activeMq/apache-activemq-5.12.0/webapps/admin/WEB-INF/classes/:]
	at org.eclipse.jetty.servlet.ServletHandler$CachedChain.doFilter(ServletHandler.java:1476)[jetty-all-8.1.16.v20140903.jar:8.1.16.v20140903]
	at org.eclipse.jetty.servlet.ServletHandler.doHandle(ServletHandler.java:501)[jetty-all-8.1.16.v20140903.jar:8.1.16.v20140903]
	at org.eclipse.jetty.server.handler.ScopedHandler.handle(ScopedHandler.java:137)[jetty-all-8.1.16.v20140903.jar:8.1.16.v20140903]
	at org.eclipse.jetty.security.SecurityHandler.handle(SecurityHandler.java:522)[jetty-all-8.1.16.v20140903.jar:8.1.16.v20140903]
	at org.eclipse.jetty.server.session.SessionHandler.doHandle(SessionHandler.java:231)[jetty-all-8.1.16.v20140903.jar:8.1.16.v20140903]
	at org.eclipse.jetty.server.handler.ContextHandler.doHandle(ContextHandler.java:1086)[jetty-all-8.1.16.v20140903.jar:8.1.16.v20140903]
	at org.eclipse.jetty.servlet.ServletHandler.doScope(ServletHandler.java:429)[jetty-all-8.1.16.v20140903.jar:8.1.16.v20140903]
	at org.eclipse.jetty.server.session.SessionHandler.doScope(SessionHandler.java:193)[jetty-all-8.1.16.v20140903.jar:8.1.16.v20140903]
	at org.eclipse.jetty.server.handler.ContextHandler.doScope(ContextHandler.java:1020)[jetty-all-8.1.16.v20140903.jar:8.1.16.v20140903]
	at org.eclipse.jetty.server.handler.ScopedHandler.handle(ScopedHandler.java:135)[jetty-all-8.1.16.v20140903.jar:8.1.16.v20140903]
	at org.eclipse.jetty.server.handler.HandlerCollection.handle(HandlerCollection.java:154)[jetty-all-8.1.16.v20140903.jar:8.1.16.v20140903]
	at org.eclipse.jetty.security.SecurityHandler.handle(SecurityHandler.java:522)[jetty-all-8.1.16.v20140903.jar:8.1.16.v20140903]
	at org.eclipse.jetty.server.handler.HandlerCollection.handle(HandlerCollection.java:154)[jetty-all-8.1.16.v20140903.jar:8.1.16.v20140903]
	at org.eclipse.jetty.server.handler.HandlerWrapper.handle(HandlerWrapper.java:116)[jetty-all-8.1.16.v20140903.jar:8.1.16.v20140903]
	at org.eclipse.jetty.server.Server.handle(Server.java:370)[jetty-all-8.1.16.v20140903.jar:8.1.16.v20140903]
	at org.eclipse.jetty.server.AbstractHttpConnection.handleRequest(AbstractHttpConnection.java:494)[jetty-all-8.1.16.v20140903.jar:8.1.16.v20140903]
	at org.eclipse.jetty.server.AbstractHttpConnection.content(AbstractHttpConnection.java:982)[jetty-all-8.1.16.v20140903.jar:8.1.16.v20140903]
	at org.eclipse.jetty.server.AbstractHttpConnection$RequestHandler.content(AbstractHttpConnection.java:1043)[jetty-all-8.1.16.v20140903.jar:8.1.16.v20140903]
	at org.eclipse.jetty.http.HttpParser.parseNext(HttpParser.java:865)[jetty-all-8.1.16.v20140903.jar:8.1.16.v20140903]
	at org.eclipse.jetty.http.HttpParser.parseAvailable(HttpParser.java:240)[jetty-all-8.1.16.v20140903.jar:8.1.16.v20140903]
	at org.eclipse.jetty.server.AsyncHttpConnection.handle(AsyncHttpConnection.java:82)[jetty-all-8.1.16.v20140903.jar:8.1.16.v20140903]
	at org.eclipse.jetty.io.nio.SelectChannelEndPoint.handle(SelectChannelEndPoint.java:696)[jetty-all-8.1.16.v20140903.jar:8.1.16.v20140903]
	at org.eclipse.jetty.io.nio.SelectChannelEndPoint$1.run(SelectChannelEndPoint.java:53)[jetty-all-8.1.16.v20140903.jar:8.1.16.v20140903]
	at org.eclipse.jetty.util.thread.QueuedThreadPool.runJob(QueuedThreadPool.java:608)[jetty-all-8.1.16.v20140903.jar:8.1.16.v20140903]
	at org.eclipse.jetty.util.thread.QueuedThreadPool$3.run(QueuedThreadPool.java:543)[jetty-all-8.1.16.v20140903.jar:8.1.16.v20140903]
	at java.lang.Thread.run(Thread.java:748)[:1.8.0_171]
2018-05-22 17:10:40,053 | WARN  | /admin/sendMessage.action | org.eclipse.jetty.servlet.ServletHandler | qtp2067925017-39
java.lang.UnsupportedOperationException: Possible CSRF attack
	at org.apache.activemq.web.handler.BindingBeanNameUrlHandlerMapping.getHandlerInternal(BindingBeanNameUrlHandlerMapping.java:59)[file:/Users/gordo/Desktop/StepsAlura/jms-activeMq/apache-activemq-5.12.0/webapps/admin/WEB-INF/classes/:]
	at org.springframework.web.servlet.handler.AbstractHandlerMapping.getHandler(AbstractHandlerMapping.java:297)[spring-webmvc-3.2.11.RELEASE.jar:3.2.11.RELEASE]
	at org.springframework.web.servlet.DispatcherServlet.getHandler(DispatcherServlet.java:1085)[spring-webmvc-3.2.11.RELEASE.jar:3.2.11.RELEASE]
	at org.springframework.web.servlet.DispatcherServlet.getHandler(DispatcherServlet.java:1070)[spring-webmvc-3.2.11.RELEASE.jar:3.2.11.RELEASE]
	at org.springframework.web.servlet.DispatcherServlet.doDispatch(DispatcherServlet.java:891)[spring-webmvc-3.2.11.RELEASE.jar:3.2.11.RELEASE]
	at org.springframework.web.servlet.DispatcherServlet.doService(DispatcherServlet.java:851)[spring-webmvc-3.2.11.RELEASE.jar:3.2.11.RELEASE]
	at org.springframework.web.servlet.FrameworkServlet.processRequest(FrameworkServlet.java:953)[spring-webmvc-3.2.11.RELEASE.jar:3.2.11.RELEASE]
	at org.springframework.web.servlet.FrameworkServlet.doPost(FrameworkServlet.java:855)[spring-webmvc-3.2.11.RELEASE.jar:3.2.11.RELEASE]
	at javax.servlet.http.HttpServlet.service(HttpServlet.java:595)[geronimo-servlet_3.0_spec-1.0.jar:1.0]
	at org.springframework.web.servlet.FrameworkServlet.service(FrameworkServlet.java:829)[spring-webmvc-3.2.11.RELEASE.jar:3.2.11.RELEASE]
	at javax.servlet.http.HttpServlet.service(HttpServlet.java:668)[geronimo-servlet_3.0_spec-1.0.jar:1.0]
	at org.eclipse.jetty.servlet.ServletHolder.handle(ServletHolder.java:684)[jetty-all-8.1.16.v20140903.jar:8.1.16.v20140903]
	at org.eclipse.jetty.servlet.ServletHandler$CachedChain.doFilter(ServletHandler.java:1496)[jetty-all-8.1.16.v20140903.jar:8.1.16.v20140903]
	at org.apache.activemq.web.AuditFilter.doFilter(AuditFilter.java:59)[activemq-web-5.12.0.jar:5.12.0]
	at org.eclipse.jetty.servlet.ServletHandler$CachedChain.doFilter(ServletHandler.java:1484)[jetty-all-8.1.16.v20140903.jar:8.1.16.v20140903]
	at org.springframework.web.filter.RequestContextFilter.doFilterInternal(RequestContextFilter.java:99)[spring-web-3.2.11.RELEASE.jar:3.2.11.RELEASE]
	at org.springframework.web.filter.OncePerRequestFilter.doFilter(OncePerRequestFilter.java:106)[spring-web-3.2.11.RELEASE.jar:3.2.11.RELEASE]
	at org.eclipse.jetty.servlet.ServletHandler$CachedChain.doFilter(ServletHandler.java:1484)[jetty-all-8.1.16.v20140903.jar:8.1.16.v20140903]
	at org.apache.activemq.web.filter.ApplicationContextFilter.doFilter(ApplicationContextFilter.java:102)[file:/Users/gordo/Desktop/StepsAlura/jms-activeMq/apache-activemq-5.12.0/webapps/admin/WEB-INF/classes/:]
	at org.eclipse.jetty.servlet.ServletHandler$CachedChain.doFilter(ServletHandler.java:1476)[jetty-all-8.1.16.v20140903.jar:8.1.16.v20140903]
	at org.eclipse.jetty.servlet.ServletHandler.doHandle(ServletHandler.java:501)[jetty-all-8.1.16.v20140903.jar:8.1.16.v20140903]
	at org.eclipse.jetty.server.handler.ScopedHandler.handle(ScopedHandler.java:137)[jetty-all-8.1.16.v20140903.jar:8.1.16.v20140903]
	at org.eclipse.jetty.security.SecurityHandler.handle(SecurityHandler.java:522)[jetty-all-8.1.16.v20140903.jar:8.1.16.v20140903]
	at org.eclipse.jetty.server.session.SessionHandler.doHandle(SessionHandler.java:231)[jetty-all-8.1.16.v20140903.jar:8.1.16.v20140903]
	at org.eclipse.jetty.server.handler.ContextHandler.doHandle(ContextHandler.java:1086)[jetty-all-8.1.16.v20140903.jar:8.1.16.v20140903]
	at org.eclipse.jetty.servlet.ServletHandler.doScope(ServletHandler.java:429)[jetty-all-8.1.16.v20140903.jar:8.1.16.v20140903]
	at org.eclipse.jetty.server.session.SessionHandler.doScope(SessionHandler.java:193)[jetty-all-8.1.16.v20140903.jar:8.1.16.v20140903]
	at org.eclipse.jetty.server.handler.ContextHandler.doScope(ContextHandler.java:1020)[jetty-all-8.1.16.v20140903.jar:8.1.16.v20140903]
	at org.eclipse.jetty.server.handler.ScopedHandler.handle(ScopedHandler.java:135)[jetty-all-8.1.16.v20140903.jar:8.1.16.v20140903]
	at org.eclipse.jetty.server.handler.HandlerCollection.handle(HandlerCollection.java:154)[jetty-all-8.1.16.v20140903.jar:8.1.16.v20140903]
	at org.eclipse.jetty.security.SecurityHandler.handle(SecurityHandler.java:522)[jetty-all-8.1.16.v20140903.jar:8.1.16.v20140903]
	at org.eclipse.jetty.server.handler.HandlerCollection.handle(HandlerCollection.java:154)[jetty-all-8.1.16.v20140903.jar:8.1.16.v20140903]
	at org.eclipse.jetty.server.handler.HandlerWrapper.handle(HandlerWrapper.java:116)[jetty-all-8.1.16.v20140903.jar:8.1.16.v20140903]
	at org.eclipse.jetty.server.Server.handle(Server.java:370)[jetty-all-8.1.16.v20140903.jar:8.1.16.v20140903]
	at org.eclipse.jetty.server.AbstractHttpConnection.handleRequest(AbstractHttpConnection.java:494)[jetty-all-8.1.16.v20140903.jar:8.1.16.v20140903]
	at org.eclipse.jetty.server.AbstractHttpConnection.content(AbstractHttpConnection.java:982)[jetty-all-8.1.16.v20140903.jar:8.1.16.v20140903]
	at org.eclipse.jetty.server.AbstractHttpConnection$RequestHandler.content(AbstractHttpConnection.java:1043)[jetty-all-8.1.16.v20140903.jar:8.1.16.v20140903]
	at org.eclipse.jetty.http.HttpParser.parseNext(HttpParser.java:865)[jetty-all-8.1.16.v20140903.jar:8.1.16.v20140903]
	at org.eclipse.jetty.http.HttpParser.parseAvailable(HttpParser.java:240)[jetty-all-8.1.16.v20140903.jar:8.1.16.v20140903]
	at org.eclipse.jetty.server.AsyncHttpConnection.handle(AsyncHttpConnection.java:82)[jetty-all-8.1.16.v20140903.jar:8.1.16.v20140903]
	at org.eclipse.jetty.io.nio.SelectChannelEndPoint.handle(SelectChannelEndPoint.java:696)[jetty-all-8.1.16.v20140903.jar:8.1.16.v20140903]
	at org.eclipse.jetty.io.nio.SelectChannelEndPoint$1.run(SelectChannelEndPoint.java:53)[jetty-all-8.1.16.v20140903.jar:8.1.16.v20140903]
	at org.eclipse.jetty.util.thread.QueuedThreadPool.runJob(QueuedThreadPool.java:608)[jetty-all-8.1.16.v20140903.jar:8.1.16.v20140903]
	at org.eclipse.jetty.util.thread.QueuedThreadPool$3.run(QueuedThreadPool.java:543)[jetty-all-8.1.16.v20140903.jar:8.1.16.v20140903]
	at java.lang.Thread.run(Thread.java:748)[:1.8.0_171]
2018-05-22 17:13:32,641 | WARN  | Transport Connection to: tcp://127.0.0.1:52582 failed: java.io.EOFException | org.apache.activemq.broker.TransportConnection.Transport | ActiveMQ Transport: tcp:///127.0.0.1:52582@61616
2018-05-22 17:14:56,519 | WARN  | Transport Connection to: tcp://127.0.0.1:52668 failed: java.io.EOFException | org.apache.activemq.broker.TransportConnection.Transport | ActiveMQ Transport: tcp:///127.0.0.1:52668@61616
2018-05-22 17:30:15,841 | WARN  | Transport Connection to: tcp://127.0.0.1:53290 failed: java.io.EOFException | org.apache.activemq.broker.TransportConnection.Transport | ActiveMQ Transport: tcp:///127.0.0.1:53290@61616
